(base) tyler@Tylers-MacBook-Pro-2 sim_123-23 % phastSim --outpath ./ --reference ../MN908947.3.fasta --treeFile sim_123-23.tre --createPhylip --createFasta --seed 1230 --scale 0.00082

 Finished reading reference genome at ../MN908947.3.fasta with 29903 bases.
Assuming UNREST nucleotide mutation model.

 Mutation rate matrix:
[[-0.472  0.039  0.31   0.123]
 [ 0.14  -3.19   0.022  3.028]
 [ 0.747  0.113 -3.813  2.953]
 [ 0.056  0.261  0.036 -0.353]]
Using a discrete distribution for variation in rates across the genome.
[1.0]
[1.]
Hypermutation class probabilities:
[1.0]
Hypermutation class rates:
[]
Time for reading tree with ETE3: 0.0023140907287597656
Total time after initializing: 0.0028328895568847656
Total time after populating tree: 0.11478996276855469

 Total cumulative substitution rate per site before normalization: 1936.6712125302709
Total time after normalizing: 0.15185308456420898
Total time after preparing for simulations: 0.1518700122833252
Total time after simulating sequence evolution along tree with Gillespie approach: 0.15567588806152344
Total time after writing short file: 0.15620088577270508
Total time after writing fasta file: 0.17157888412475586
Total time after writing phylip file: 0.18700003623962402
